  input.cpp
  main.cpp
D:\Devellopement\Game Jam\SeaJamSflmGit\SeaJam\SeaJam\fish.h(10,28): warning C4244: 'argument' : conversion de 'double' en 'float', perte possible de données
D:\Devellopement\Game Jam\SeaJamSflmGit\SeaJam\SeaJam\fish.h(21,27): warning C4244: 'argument' : conversion de 'double' en 'float', perte possible de données
D:\Devellopement\Game Jam\SeaJamSflmGit\SeaJam\SeaJam\trash.h(30,11): warning C4244: 'initialisation' : conversion de 'double' en 'float', perte possible de données
D:\Devellopement\Game Jam\SeaJamSflmGit\SeaJam\SeaJam\trash.h(35,33): warning C4244: 'argument' : conversion de 'int' en 'float', perte possible de données
D:\Devellopement\Game Jam\SeaJamSflmGit\SeaJam\SeaJam\trash.h(35,25): warning C4244: 'argument' : conversion de 'int' en 'float', perte possible de données
D:\Devellopement\Game Jam\SeaJamSflmGit\SeaJam\SeaJam\main.cpp(82,32): warning C4244: 'argument' : conversion de 'int' en 'float', perte possible de données
D:\Devellopement\Game Jam\SeaJamSflmGit\SeaJam\SeaJam\main.cpp(88,12): warning C4244: 'argument' : conversion de 'time_t' en 'unsigned int', perte possible de données
D:\Devellopement\Game Jam\SeaJamSflmGit\SeaJam\SeaJam\main.cpp(120,20): warning C4244: 'argument' : conversion de 'double' en 'float', perte possible de données
D:\Devellopement\Game Jam\SeaJamSflmGit\SeaJam\SeaJam\main.cpp(121,26): warning C4244: 'argument' : conversion de 'double' en 'float', perte possible de données
D:\Devellopement\Game Jam\SeaJamSflmGit\SeaJam\SeaJam\main.cpp(163,16): warning C4244: '=' : conversion de 'double' en 'int', perte possible de données
D:\Devellopement\Game Jam\SeaJamSflmGit\SeaJam\SeaJam\main.cpp(184,28): warning C4305: '=' : troncation de 'double' à 'float'
D:\Devellopement\Game Jam\SeaJamSflmGit\SeaJam\SeaJam\main.cpp(199,42): warning C4244: '+=' : conversion de 'float' en 'long', perte possible de données
D:\Devellopement\Game Jam\SeaJamSflmGit\SeaJam\SeaJam\main.cpp(215,16): warning C4244: 'argument' : conversion de 'float' en 'int', perte possible de données
D:\Devellopement\Game Jam\SeaJamSflmGit\SeaJam\SeaJam\main.cpp(216,37): warning C4244: '+=' : conversion de 'float' en 'int', perte possible de données
D:\Devellopement\Game Jam\SeaJamSflmGit\SeaJam\SeaJam\main.cpp(244,34): warning C4244: 'argument' : conversion de 'double' en 'float', perte possible de données
  Génération de code en cours
  Previous IPDB not found, fall back to full compilation.
  All 215 functions were compiled because no usable IPDB/IOBJ from previous compilation was found.
  Fin de la génération du code
  SeaJam.vcxproj -> D:\Devellopement\Game Jam\SeaJamSflmGit\SeaJam\x64\Release\SeaJam.exe
